Thu Jan  5 20:07:45 2023 - INFO  - start to run testcase:oe_test_service_anaconda-direct.
Thu Jan  5 20:11:13 2023 - INFO  - The case exit by code 0.
Thu Jan  5 20:11:14 2023 - INFO  - End to run testcase:oe_test_service_anaconda-direct.
Thu Jan  5 20:11:15 2023 - INFO  - A total of 1 use cases were executed, with 1 successes and 0 failures.
Thu Jan  5 20:11:19 2023 - INFO  - start to run testcase:oe_test_service_anaconda-nm-config.
Thu Jan  5 20:14:34 2023 - INFO  - The case exit by code 0.
Thu Jan  5 20:14:35 2023 - INFO  - End to run testcase:oe_test_service_anaconda-nm-config.
Thu Jan  5 20:14:36 2023 - INFO  - A total of 1 use cases were executed, with 1 successes and 0 failures.
Thu Jan  5 20:14:41 2023 - INFO  - start to run testcase:oe_test_service_anaconda-noshell.
Thu Jan  5 20:17:59 2023 - INFO  - The case exit by code 0.
Thu Jan  5 20:18:01 2023 - INFO  - End to run testcase:oe_test_service_anaconda-noshell.
Thu Jan  5 20:18:02 2023 - INFO  - A total of 1 use cases were executed, with 1 successes and 0 failures.
Thu Jan  5 20:18:09 2023 - INFO  - start to run testcase:oe_test_service_anaconda-pre.
Thu Jan  5 20:21:19 2023 - INFO  - The case exit by code 0.
Thu Jan  5 20:21:20 2023 - INFO  - End to run testcase:oe_test_service_anaconda-pre.
Thu Jan  5 20:21:21 2023 - INFO  - A total of 1 use cases were executed, with 1 successes and 0 failures.
Thu Jan  5 20:21:27 2023 - INFO  - start to run testcase:oe_test_service_anaconda.
Thu Jan  5 20:24:53 2023 - INFO  - The case exit by code 0.
Thu Jan  5 20:24:54 2023 - INFO  - End to run testcase:oe_test_service_anaconda.
Thu Jan  5 20:24:55 2023 - INFO  - A total of 1 use cases were executed, with 1 successes and 0 failures.
Thu Jan  5 20:25:01 2023 - INFO  - start to run testcase:oe_test_service_anaconda-sshd.
Thu Jan  5 20:28:10 2023 - INFO  - The case exit by code 0.
Thu Jan  5 20:28:11 2023 - INFO  - End to run testcase:oe_test_service_anaconda-sshd.
Thu Jan  5 20:28:12 2023 - INFO  - A total of 1 use cases were executed, with 1 successes and 0 failures.
Thu Jan  5 20:28:17 2023 - INFO  - start to run testcase:oe_test_service_instperf.
Thu Jan  5 20:31:52 2023 - INFO  - The case exit by code 0.
Thu Jan  5 20:31:53 2023 - INFO  - End to run testcase:oe_test_service_instperf.
Thu Jan  5 20:31:54 2023 - INFO  - A total of 1 use cases were executed, with 1 successes and 0 failures.
Thu Jan  5 20:32:00 2023 - INFO  - start to run testcase:oe_test_service_zram.
Thu Jan  5 20:35:50 2023 - ERROR - The case exit by code 1.
Thu Jan  5 20:35:51 2023 - INFO  - End to run testcase:oe_test_service_zram.
Thu Jan  5 20:35:52 2023 - INFO  - A total of 1 use cases were executed, with 0 successes and 1 failures.
Thu Jan  5 20:35:59 2023 - INFO  - start to run testcase:oe_test_target_anaconda.
Thu Jan  5 20:39:42 2023 - INFO  - The case exit by code 0.
Thu Jan  5 20:39:43 2023 - INFO  - End to run testcase:oe_test_target_anaconda.
Thu Jan  5 20:39:45 2023 - INFO  - A total of 1 use cases were executed, with 1 successes and 0 failures.
