Fri Jan  6 02:51:15 2023 - INFO  - start to run testcase:oe_test_service_dovecot-init.
Fri Jan  6 02:53:19 2023 - INFO  - The case exit by code 0.
Fri Jan  6 02:53:20 2023 - INFO  - End to run testcase:oe_test_service_dovecot-init.
Fri Jan  6 02:53:21 2023 - INFO  - A total of 1 use cases were executed, with 1 successes and 0 failures.
Fri Jan  6 02:53:27 2023 - INFO  - start to run testcase:oe_test_service_dovecot.
Fri Jan  6 02:56:31 2023 - INFO  - The case exit by code 0.
Fri Jan  6 02:56:32 2023 - INFO  - End to run testcase:oe_test_service_dovecot.
Fri Jan  6 02:56:33 2023 - INFO  - A total of 1 use cases were executed, with 1 successes and 0 failures.
Fri Jan  6 02:56:38 2023 - INFO  - start to run testcase:oe_test_socket_dovecot.
Fri Jan  6 02:59:09 2023 - INFO  - The case exit by code 0.
Fri Jan  6 02:59:10 2023 - INFO  - End to run testcase:oe_test_socket_dovecot.
Fri Jan  6 02:59:11 2023 - INFO  - A total of 1 use cases were executed, with 1 successes and 0 failures.
Fri Jan  6 02:59:16 2023 - INFO  - start to run testcase:oe_test_dovecot_basic.
Fri Jan  6 03:01:31 2023 - ERROR - The case exit by code 1.
Fri Jan  6 03:01:32 2023 - INFO  - End to run testcase:oe_test_dovecot_basic.
Fri Jan  6 03:01:33 2023 - INFO  - A total of 1 use cases were executed, with 0 successes and 1 failures.
Fri Jan  6 03:01:39 2023 - INFO  - start to run testcase:oe_test_dovecot_doveadm_1.
Fri Jan  6 03:03:57 2023 - INFO  - The case exit by code 0.
Fri Jan  6 03:03:58 2023 - INFO  - End to run testcase:oe_test_dovecot_doveadm_1.
Fri Jan  6 03:03:59 2023 - INFO  - A total of 1 use cases were executed, with 1 successes and 0 failures.
Fri Jan  6 03:04:04 2023 - INFO  - start to run testcase:oe_test_dovecot_doveadm_2.
Fri Jan  6 03:06:01 2023 - INFO  - The case exit by code 0.
Fri Jan  6 03:06:02 2023 - INFO  - End to run testcase:oe_test_dovecot_doveadm_2.
Fri Jan  6 03:06:03 2023 - INFO  - A total of 1 use cases were executed, with 1 successes and 0 failures.
Fri Jan  6 03:06:08 2023 - INFO  - start to run testcase:oe_test_dovecot_doveadm_3.
Fri Jan  6 03:08:26 2023 - INFO  - The case exit by code 0.
Fri Jan  6 03:08:27 2023 - INFO  - End to run testcase:oe_test_dovecot_doveadm_3.
Fri Jan  6 03:08:28 2023 - INFO  - A total of 1 use cases were executed, with 1 successes and 0 failures.
