Fri Jan  6 02:21:01 2023 - INFO  - start to run testcase:oe_test_service_dhcpd6.
Fri Jan  6 02:21:45 2023 - ERROR - The case exit by code 7.
Fri Jan  6 02:21:46 2023 - INFO  - End to run testcase:oe_test_service_dhcpd6.
Fri Jan  6 02:21:47 2023 - INFO  - A total of 1 use cases were executed, with 0 successes and 1 failures.
Fri Jan  6 02:21:52 2023 - INFO  - start to run testcase:oe_test_service_dhcpd.
Fri Jan  6 02:22:35 2023 - ERROR - The case exit by code 7.
Fri Jan  6 02:22:36 2023 - INFO  - End to run testcase:oe_test_service_dhcpd.
Fri Jan  6 02:22:37 2023 - INFO  - A total of 1 use cases were executed, with 0 successes and 1 failures.
Fri Jan  6 02:22:43 2023 - INFO  - start to run testcase:oe_test_service_dhcrelay.
Fri Jan  6 02:23:31 2023 - ERROR - The case exit by code 7.
Fri Jan  6 02:23:32 2023 - INFO  - End to run testcase:oe_test_service_dhcrelay.
Fri Jan  6 02:23:33 2023 - INFO  - A total of 1 use cases were executed, with 0 successes and 1 failures.
Fri Jan  6 02:23:39 2023 - INFO  - start to run testcase:oe_test_allocate_ipv4_addresses_dhcpd.
Fri Jan  6 02:25:31 2023 - ERROR - The case exit by code 4.
Fri Jan  6 02:25:32 2023 - INFO  - End to run testcase:oe_test_allocate_ipv4_addresses_dhcpd.
Fri Jan  6 02:25:33 2023 - INFO  - A total of 1 use cases were executed, with 0 successes and 1 failures.
Fri Jan  6 02:25:38 2023 - INFO  - start to run testcase:oe_test_allocate_ipv6_addresses_dhcpd.
Fri Jan  6 02:27:33 2023 - ERROR - The case exit by code 4.
Fri Jan  6 02:27:34 2023 - INFO  - End to run testcase:oe_test_allocate_ipv6_addresses_dhcpd.
Fri Jan  6 02:27:35 2023 - INFO  - A total of 1 use cases were executed, with 0 successes and 1 failures.
