Fri Jan  6 02:54:10 2023 - INFO  - start to run testcase:oe_test_service_dracut-cmdline.
Fri Jan  6 02:54:20 2023 - INFO  - The case exit by code 0.
Fri Jan  6 02:54:21 2023 - INFO  - End to run testcase:oe_test_service_dracut-cmdline.
Fri Jan  6 02:54:22 2023 - INFO  - A total of 1 use cases were executed, with 1 successes and 0 failures.
Fri Jan  6 02:54:28 2023 - INFO  - start to run testcase:oe_test_service_dracut-initqueue.
Fri Jan  6 02:54:41 2023 - INFO  - The case exit by code 0.
Fri Jan  6 02:54:42 2023 - INFO  - End to run testcase:oe_test_service_dracut-initqueue.
Fri Jan  6 02:54:43 2023 - INFO  - A total of 1 use cases were executed, with 1 successes and 0 failures.
Fri Jan  6 02:54:48 2023 - INFO  - start to run testcase:oe_test_service_dracut-mount.
Fri Jan  6 02:54:58 2023 - INFO  - The case exit by code 0.
Fri Jan  6 02:54:59 2023 - INFO  - End to run testcase:oe_test_service_dracut-mount.
Fri Jan  6 02:55:00 2023 - INFO  - A total of 1 use cases were executed, with 1 successes and 0 failures.
Fri Jan  6 02:55:05 2023 - INFO  - start to run testcase:oe_test_service_dracut-pre-mount.
Fri Jan  6 02:55:15 2023 - INFO  - The case exit by code 0.
Fri Jan  6 02:55:16 2023 - INFO  - End to run testcase:oe_test_service_dracut-pre-mount.
Fri Jan  6 02:55:16 2023 - INFO  - A total of 1 use cases were executed, with 1 successes and 0 failures.
Fri Jan  6 02:55:22 2023 - INFO  - start to run testcase:oe_test_service_dracut-pre-pivot.
Fri Jan  6 02:55:33 2023 - INFO  - The case exit by code 0.
Fri Jan  6 02:55:35 2023 - INFO  - End to run testcase:oe_test_service_dracut-pre-pivot.
Fri Jan  6 02:55:35 2023 - INFO  - A total of 1 use cases were executed, with 1 successes and 0 failures.
Fri Jan  6 02:55:41 2023 - INFO  - start to run testcase:oe_test_service_dracut-pre-trigger.
Fri Jan  6 02:55:52 2023 - INFO  - The case exit by code 0.
Fri Jan  6 02:55:52 2023 - INFO  - End to run testcase:oe_test_service_dracut-pre-trigger.
Fri Jan  6 02:55:53 2023 - INFO  - A total of 1 use cases were executed, with 1 successes and 0 failures.
Fri Jan  6 02:55:58 2023 - INFO  - start to run testcase:oe_test_service_dracut-pre-udev.
Fri Jan  6 02:56:09 2023 - INFO  - The case exit by code 0.
Fri Jan  6 02:56:11 2023 - INFO  - End to run testcase:oe_test_service_dracut-pre-udev.
Fri Jan  6 02:56:12 2023 - INFO  - A total of 1 use cases were executed, with 1 successes and 0 failures.
Fri Jan  6 02:56:17 2023 - INFO  - start to run testcase:oe_test_service_dracut-shutdown.
Fri Jan  6 02:57:05 2023 - ERROR - The case exit by code 7.
Fri Jan  6 02:57:06 2023 - INFO  - End to run testcase:oe_test_service_dracut-shutdown.
Fri Jan  6 02:57:07 2023 - INFO  - A total of 1 use cases were executed, with 0 successes and 1 failures.
