Thu Jan  5 19:06:16 2023 - INFO  - start to run testcase:oe_test_OpenEXR_cmd.
Thu Jan  5 19:12:18 2023 - INFO  - The case exit by code 0.
Thu Jan  5 19:12:20 2023 - INFO  - End to run testcase:oe_test_OpenEXR_cmd.
Thu Jan  5 19:12:21 2023 - INFO  - A total of 1 use cases were executed, with 1 successes and 0 failures.
Thu Jan  5 19:12:26 2023 - INFO  - start to run testcase:oe_test_OpenEXR_exrenvmap_exrmakepreview.
Thu Jan  5 19:20:36 2023 - INFO  - The case exit by code 0.
Thu Jan  5 19:20:37 2023 - INFO  - End to run testcase:oe_test_OpenEXR_exrenvmap_exrmakepreview.
Thu Jan  5 19:20:39 2023 - INFO  - A total of 1 use cases were executed, with 1 successes and 0 failures.
Thu Jan  5 19:20:49 2023 - INFO  - start to run testcase:oe_test_OpenEXR_exrenvmap.
Thu Jan  5 19:38:20 2023 - INFO  - The case exit by code 0.
Thu Jan  5 19:38:21 2023 - INFO  - End to run testcase:oe_test_OpenEXR_exrenvmap.
Thu Jan  5 19:38:22 2023 - INFO  - A total of 1 use cases were executed, with 1 successes and 0 failures.
Thu Jan  5 19:38:28 2023 - INFO  - start to run testcase:oe_test_OpenEXR_exrmaketiled.
Thu Jan  5 19:44:02 2023 - INFO  - The case exit by code 0.
Thu Jan  5 19:44:03 2023 - INFO  - End to run testcase:oe_test_OpenEXR_exrmaketiled.
Thu Jan  5 19:44:04 2023 - INFO  - A total of 1 use cases were executed, with 1 successes and 0 failures.
Thu Jan  5 19:44:10 2023 - INFO  - start to run testcase:oe_test_OpenEXR_exrstdattr_01.
Thu Jan  5 19:49:41 2023 - INFO  - The case exit by code 0.
Thu Jan  5 19:49:42 2023 - INFO  - End to run testcase:oe_test_OpenEXR_exrstdattr_01.
Thu Jan  5 19:49:43 2023 - INFO  - A total of 1 use cases were executed, with 1 successes and 0 failures.
Thu Jan  5 19:49:49 2023 - INFO  - start to run testcase:oe_test_OpenEXR_exrstdattr_02.
Thu Jan  5 19:55:30 2023 - INFO  - The case exit by code 0.
Thu Jan  5 19:55:31 2023 - INFO  - End to run testcase:oe_test_OpenEXR_exrstdattr_02.
Thu Jan  5 19:55:32 2023 - INFO  - A total of 1 use cases were executed, with 1 successes and 0 failures.
Thu Jan  5 19:55:37 2023 - INFO  - start to run testcase:oe_test_OpenEXR_exrstdattr_03.
Thu Jan  5 20:01:07 2023 - INFO  - The case exit by code 0.
Thu Jan  5 20:01:08 2023 - INFO  - End to run testcase:oe_test_OpenEXR_exrstdattr_03.
Thu Jan  5 20:01:09 2023 - INFO  - A total of 1 use cases were executed, with 1 successes and 0 failures.
