Thu Jan  5 22:32:26 2023 - INFO  - start to run testcase:oe_test_service_rbdmap.
Thu Jan  5 22:36:48 2023 - INFO  - The case exit by code 0.
Thu Jan  5 22:36:49 2023 - INFO  - End to run testcase:oe_test_service_rbdmap.
Thu Jan  5 22:36:50 2023 - INFO  - A total of 1 use cases were executed, with 1 successes and 0 failures.
Thu Jan  5 22:36:55 2023 - INFO  - start to run testcase:oe_test_target_ceph-fuse.
Thu Jan  5 22:39:19 2023 - INFO  - The case exit by code 0.
Thu Jan  5 22:39:20 2023 - INFO  - End to run testcase:oe_test_target_ceph-fuse.
Thu Jan  5 22:39:22 2023 - INFO  - A total of 1 use cases were executed, with 1 successes and 0 failures.
Thu Jan  5 22:39:27 2023 - INFO  - start to run testcase:oe_test_target_ceph-mds.
Thu Jan  5 22:45:53 2023 - INFO  - The case exit by code 0.
Thu Jan  5 22:45:54 2023 - INFO  - End to run testcase:oe_test_target_ceph-mds.
Thu Jan  5 22:45:55 2023 - INFO  - A total of 1 use cases were executed, with 1 successes and 0 failures.
Thu Jan  5 22:46:01 2023 - INFO  - start to run testcase:oe_test_target_ceph-mgr.
Thu Jan  5 23:04:40 2023 - INFO  - The case exit by code 0.
Thu Jan  5 23:04:41 2023 - INFO  - End to run testcase:oe_test_target_ceph-mgr.
Thu Jan  5 23:04:42 2023 - INFO  - A total of 1 use cases were executed, with 1 successes and 0 failures.
Thu Jan  5 23:04:48 2023 - INFO  - start to run testcase:oe_test_target_ceph-mon.
Thu Jan  5 23:11:01 2023 - INFO  - The case exit by code 0.
Thu Jan  5 23:11:02 2023 - INFO  - End to run testcase:oe_test_target_ceph-mon.
Thu Jan  5 23:11:03 2023 - INFO  - A total of 1 use cases were executed, with 1 successes and 0 failures.
Thu Jan  5 23:11:08 2023 - INFO  - start to run testcase:oe_test_target_ceph-osd.
Thu Jan  5 23:17:48 2023 - INFO  - The case exit by code 0.
Thu Jan  5 23:17:49 2023 - INFO  - End to run testcase:oe_test_target_ceph-osd.
Thu Jan  5 23:17:50 2023 - INFO  - A total of 1 use cases were executed, with 1 successes and 0 failures.
Thu Jan  5 23:17:56 2023 - INFO  - start to run testcase:oe_test_target_ceph-radosgw.
Thu Jan  5 23:24:22 2023 - INFO  - The case exit by code 0.
Thu Jan  5 23:24:23 2023 - INFO  - End to run testcase:oe_test_target_ceph-radosgw.
Thu Jan  5 23:24:24 2023 - INFO  - A total of 1 use cases were executed, with 1 successes and 0 failures.
Thu Jan  5 23:24:29 2023 - INFO  - start to run testcase:oe_test_target_ceph-rbd-mirror.
Thu Jan  5 23:30:53 2023 - INFO  - The case exit by code 0.
Thu Jan  5 23:30:54 2023 - INFO  - End to run testcase:oe_test_target_ceph-rbd-mirror.
Thu Jan  5 23:30:55 2023 - INFO  - A total of 1 use cases were executed, with 1 successes and 0 failures.
Thu Jan  5 23:31:00 2023 - INFO  - start to run testcase:oe_test_target_ceph.
Thu Jan  5 23:37:08 2023 - INFO  - The case exit by code 0.
Thu Jan  5 23:37:09 2023 - INFO  - End to run testcase:oe_test_target_ceph.
Thu Jan  5 23:37:10 2023 - INFO  - A total of 1 use cases were executed, with 1 successes and 0 failures.
