Fri Jan  6 02:58:19 2023 - INFO  - start to run testcase:oe_test_easymock_junit4.
Fri Jan  6 03:14:58 2023 - INFO  - The case exit by code 0.
Fri Jan  6 03:15:00 2023 - INFO  - End to run testcase:oe_test_easymock_junit4.
Fri Jan  6 03:15:02 2023 - INFO  - A total of 1 use cases were executed, with 1 successes and 0 failures.
Fri Jan  6 03:15:10 2023 - INFO  - start to run testcase:oe_test_easymock_order_abnormal.
Fri Jan  6 03:19:35 2023 - INFO  - The case exit by code 0.
Fri Jan  6 03:19:36 2023 - INFO  - End to run testcase:oe_test_easymock_order_abnormal.
Fri Jan  6 03:19:37 2023 - INFO  - A total of 1 use cases were executed, with 1 successes and 0 failures.
Fri Jan  6 03:19:42 2023 - INFO  - start to run testcase:oe_test_easymock_set_parms.
Fri Jan  6 03:24:22 2023 - INFO  - The case exit by code 0.
Fri Jan  6 03:24:23 2023 - INFO  - End to run testcase:oe_test_easymock_set_parms.
Fri Jan  6 03:24:24 2023 - INFO  - A total of 1 use cases were executed, with 1 successes and 0 failures.
Fri Jan  6 03:24:30 2023 - INFO  - start to run testcase:oe_test_easymock_spring.
Fri Jan  6 03:29:14 2023 - ERROR - The case exit by code 2.
Fri Jan  6 03:29:15 2023 - INFO  - End to run testcase:oe_test_easymock_spring.
Fri Jan  6 03:29:16 2023 - INFO  - A total of 1 use cases were executed, with 0 successes and 1 failures.
Fri Jan  6 03:29:22 2023 - INFO  - start to run testcase:oe_test_easymock_createNiceMock.
Fri Jan  6 03:33:47 2023 - INFO  - The case exit by code 0.
Fri Jan  6 03:33:48 2023 - INFO  - End to run testcase:oe_test_easymock_createNiceMock.
Fri Jan  6 03:33:49 2023 - INFO  - A total of 1 use cases were executed, with 1 successes and 0 failures.
Fri Jan  6 03:33:55 2023 - INFO  - start to run testcase:oe_test_easymock_junit5.
Fri Jan  6 03:49:29 2023 - INFO  - The case exit by code 0.
Fri Jan  6 03:49:30 2023 - INFO  - End to run testcase:oe_test_easymock_junit5.
Fri Jan  6 03:49:31 2023 - INFO  - A total of 1 use cases were executed, with 1 successes and 0 failures.
Fri Jan  6 03:49:36 2023 - INFO  - start to run testcase:oe_test_easymock_parms_abnormal.
Fri Jan  6 03:54:07 2023 - INFO  - The case exit by code 0.
Fri Jan  6 03:54:08 2023 - INFO  - End to run testcase:oe_test_easymock_parms_abnormal.
Fri Jan  6 03:54:09 2023 - INFO  - A total of 1 use cases were executed, with 1 successes and 0 failures.
Fri Jan  6 03:54:15 2023 - INFO  - start to run testcase:oe_test_easymock_simulate_interface.
Fri Jan  6 03:58:18 2023 - INFO  - The case exit by code 0.
Fri Jan  6 03:58:19 2023 - INFO  - End to run testcase:oe_test_easymock_simulate_interface.
Fri Jan  6 03:58:20 2023 - INFO  - A total of 1 use cases were executed, with 1 successes and 0 failures.
Fri Jan  6 03:58:24 2023 - INFO  - start to run testcase:oe_test_easymock_frequency_abnormal.
Fri Jan  6 04:02:08 2023 - INFO  - The case exit by code 0.
Fri Jan  6 04:02:09 2023 - INFO  - End to run testcase:oe_test_easymock_frequency_abnormal.
Fri Jan  6 04:02:10 2023 - INFO  - A total of 1 use cases were executed, with 1 successes and 0 failures.
Fri Jan  6 04:02:15 2023 - INFO  - start to run testcase:oe_test_easymock_mock_abnormal.
Fri Jan  6 04:06:00 2023 - INFO  - The case exit by code 0.
Fri Jan  6 04:06:01 2023 - INFO  - End to run testcase:oe_test_easymock_mock_abnormal.
Fri Jan  6 04:06:01 2023 - INFO  - A total of 1 use cases were executed, with 1 successes and 0 failures.
Fri Jan  6 04:06:06 2023 - INFO  - start to run testcase:oe_test_easymock_parms_match.
Fri Jan  6 04:09:51 2023 - INFO  - The case exit by code 0.
Fri Jan  6 04:09:52 2023 - INFO  - End to run testcase:oe_test_easymock_parms_match.
Fri Jan  6 04:09:53 2023 - INFO  - A total of 1 use cases were executed, with 1 successes and 0 failures.
Fri Jan  6 04:09:57 2023 - INFO  - start to run testcase:oe_test_easymock_simulate_object.
Fri Jan  6 04:14:46 2023 - INFO  - The case exit by code 0.
Fri Jan  6 04:14:47 2023 - INFO  - End to run testcase:oe_test_easymock_simulate_object.
Fri Jan  6 04:14:48 2023 - INFO  - A total of 1 use cases were executed, with 1 successes and 0 failures.
