Fri Jan  6 00:03:35 2023 - INFO  - start to run testcase:oe_test_service_cloud-config.
Fri Jan  6 00:08:37 2023 - INFO  - The case exit by code 0.
Fri Jan  6 00:08:39 2023 - INFO  - End to run testcase:oe_test_service_cloud-config.
Fri Jan  6 00:08:40 2023 - INFO  - A total of 1 use cases were executed, with 1 successes and 0 failures.
Fri Jan  6 00:08:46 2023 - INFO  - start to run testcase:oe_test_service_cloud-final.
Fri Jan  6 00:14:10 2023 - INFO  - The case exit by code 0.
Fri Jan  6 00:14:11 2023 - INFO  - End to run testcase:oe_test_service_cloud-final.
Fri Jan  6 00:14:12 2023 - INFO  - A total of 1 use cases were executed, with 1 successes and 0 failures.
Fri Jan  6 00:14:19 2023 - INFO  - start to run testcase:oe_test_service_cloud-init-local.
Fri Jan  6 00:18:39 2023 - INFO  - The case exit by code 0.
Fri Jan  6 00:18:40 2023 - INFO  - End to run testcase:oe_test_service_cloud-init-local.
Fri Jan  6 00:18:41 2023 - INFO  - A total of 1 use cases were executed, with 1 successes and 0 failures.
Fri Jan  6 00:18:46 2023 - INFO  - start to run testcase:oe_test_service_cloud-init.
Fri Jan  6 00:22:56 2023 - INFO  - The case exit by code 0.
Fri Jan  6 00:22:57 2023 - INFO  - End to run testcase:oe_test_service_cloud-init.
Fri Jan  6 00:22:58 2023 - INFO  - A total of 1 use cases were executed, with 1 successes and 0 failures.
Fri Jan  6 00:23:04 2023 - INFO  - start to run testcase:oe_test_target_cloud-config.
Fri Jan  6 00:25:49 2023 - INFO  - The case exit by code 0.
Fri Jan  6 00:25:50 2023 - INFO  - End to run testcase:oe_test_target_cloud-config.
Fri Jan  6 00:25:51 2023 - INFO  - A total of 1 use cases were executed, with 1 successes and 0 failures.
Fri Jan  6 00:25:57 2023 - INFO  - start to run testcase:oe_test_target_cloud-init.
Fri Jan  6 00:28:44 2023 - INFO  - The case exit by code 0.
Fri Jan  6 00:28:45 2023 - INFO  - End to run testcase:oe_test_target_cloud-init.
Fri Jan  6 00:28:46 2023 - INFO  - A total of 1 use cases were executed, with 1 successes and 0 failures.
