Thu Jan  5 19:56:51 2023 - INFO  - start to run testcase:oe_test_service_acpid.
Thu Jan  5 19:58:53 2023 - INFO  - The case exit by code 0.
Thu Jan  5 19:58:54 2023 - INFO  - End to run testcase:oe_test_service_acpid.
Thu Jan  5 19:58:55 2023 - INFO  - A total of 1 use cases were executed, with 1 successes and 0 failures.
Thu Jan  5 19:59:00 2023 - INFO  - start to run testcase:oe_test_socket_acpid.
Thu Jan  5 20:00:53 2023 - INFO  - The case exit by code 0.
Thu Jan  5 20:00:54 2023 - INFO  - End to run testcase:oe_test_socket_acpid.
Thu Jan  5 20:00:55 2023 - INFO  - A total of 1 use cases were executed, with 1 successes and 0 failures.
Thu Jan  5 20:01:01 2023 - INFO  - start to run testcase:oe_test_acpid_01.
Thu Jan  5 20:02:47 2023 - INFO  - The case exit by code 0.
Thu Jan  5 20:02:48 2023 - INFO  - End to run testcase:oe_test_acpid_01.
Thu Jan  5 20:02:50 2023 - INFO  - A total of 1 use cases were executed, with 1 successes and 0 failures.
Thu Jan  5 20:02:55 2023 - INFO  - start to run testcase:oe_test_acpid_02.
Thu Jan  5 20:04:31 2023 - INFO  - The case exit by code 0.
Thu Jan  5 20:04:32 2023 - INFO  - End to run testcase:oe_test_acpid_02.
Thu Jan  5 20:04:33 2023 - INFO  - A total of 1 use cases were executed, with 1 successes and 0 failures.
Thu Jan  5 20:04:38 2023 - INFO  - start to run testcase:oe_test_acpid_03.
Thu Jan  5 20:05:57 2023 - INFO  - The case exit by code 0.
Thu Jan  5 20:05:58 2023 - INFO  - End to run testcase:oe_test_acpid_03.
Thu Jan  5 20:05:59 2023 - INFO  - A total of 1 use cases were executed, with 1 successes and 0 failures.
