Fri Jan  6 02:28:48 2023 - INFO  - start to run testcase:oe_test_discount_markdown_01.
Fri Jan  6 02:30:00 2023 - INFO  - The case exit by code 0.
Fri Jan  6 02:30:02 2023 - INFO  - End to run testcase:oe_test_discount_markdown_01.
Fri Jan  6 02:30:03 2023 - INFO  - A total of 1 use cases were executed, with 1 successes and 0 failures.
Fri Jan  6 02:30:09 2023 - INFO  - start to run testcase:oe_test_discount_markdown_02.
Fri Jan  6 02:31:23 2023 - INFO  - The case exit by code 0.
Fri Jan  6 02:31:24 2023 - INFO  - End to run testcase:oe_test_discount_markdown_02.
Fri Jan  6 02:31:25 2023 - INFO  - A total of 1 use cases were executed, with 1 successes and 0 failures.
Fri Jan  6 02:31:30 2023 - INFO  - start to run testcase:oe_test_discount-makepage_01.
Fri Jan  6 02:32:36 2023 - INFO  - The case exit by code 0.
Fri Jan  6 02:32:37 2023 - INFO  - End to run testcase:oe_test_discount-makepage_01.
Fri Jan  6 02:32:38 2023 - INFO  - A total of 1 use cases were executed, with 1 successes and 0 failures.
Fri Jan  6 02:32:43 2023 - INFO  - start to run testcase:oe_test_discount-mkd2html_01.
Fri Jan  6 02:33:48 2023 - INFO  - The case exit by code 0.
Fri Jan  6 02:33:49 2023 - INFO  - End to run testcase:oe_test_discount-mkd2html_01.
Fri Jan  6 02:33:50 2023 - INFO  - A total of 1 use cases were executed, with 1 successes and 0 failures.
Fri Jan  6 02:33:55 2023 - INFO  - start to run testcase:oe_test_discount-theme_01.
Fri Jan  6 02:35:02 2023 - INFO  - The case exit by code 0.
Fri Jan  6 02:35:03 2023 - INFO  - End to run testcase:oe_test_discount-theme_01.
Fri Jan  6 02:35:04 2023 - INFO  - A total of 1 use cases were executed, with 1 successes and 0 failures.
