Fri Jan  6 02:30:44 2023 - INFO  - start to run testcase:oe_test_djvulibre_01.
Fri Jan  6 02:33:36 2023 - ERROR - The case exit by code 1.
Fri Jan  6 02:33:37 2023 - INFO  - End to run testcase:oe_test_djvulibre_01.
Fri Jan  6 02:33:38 2023 - INFO  - A total of 1 use cases were executed, with 0 successes and 1 failures.
Fri Jan  6 02:33:43 2023 - INFO  - start to run testcase:oe_test_djvulibre_02.
Fri Jan  6 02:36:19 2023 - INFO  - The case exit by code 0.
Fri Jan  6 02:36:20 2023 - INFO  - End to run testcase:oe_test_djvulibre_02.
Fri Jan  6 02:36:21 2023 - INFO  - A total of 1 use cases were executed, with 1 successes and 0 failures.
Fri Jan  6 02:36:27 2023 - INFO  - start to run testcase:oe_test_djvulibre_03.
Fri Jan  6 02:37:55 2023 - INFO  - The case exit by code 0.
Fri Jan  6 02:37:56 2023 - INFO  - End to run testcase:oe_test_djvulibre_03.
Fri Jan  6 02:37:57 2023 - INFO  - A total of 1 use cases were executed, with 1 successes and 0 failures.
Fri Jan  6 02:38:03 2023 - INFO  - start to run testcase:oe_test_djvulibre_04.
Fri Jan  6 02:39:39 2023 - INFO  - The case exit by code 0.
Fri Jan  6 02:39:40 2023 - INFO  - End to run testcase:oe_test_djvulibre_04.
Fri Jan  6 02:39:41 2023 - INFO  - A total of 1 use cases were executed, with 1 successes and 0 failures.
Fri Jan  6 02:39:47 2023 - INFO  - start to run testcase:oe_test_djvulibre_05.
Fri Jan  6 02:41:14 2023 - INFO  - The case exit by code 0.
Fri Jan  6 02:41:16 2023 - INFO  - End to run testcase:oe_test_djvulibre_05.
Fri Jan  6 02:41:17 2023 - INFO  - A total of 1 use cases were executed, with 1 successes and 0 failures.
