Fri Jan  6 00:30:01 2023 - INFO  - start to run testcase:oe_test_ccmake.
Fri Jan  6 00:32:18 2023 - ERROR - The case exit by code 12.
Fri Jan  6 00:32:19 2023 - INFO  - End to run testcase:oe_test_ccmake.
Fri Jan  6 00:32:20 2023 - INFO  - A total of 1 use cases were executed, with 0 successes and 1 failures.
Fri Jan  6 00:32:26 2023 - INFO  - start to run testcase:oe_test_ccmake3.
Fri Jan  6 00:34:35 2023 - ERROR - The case exit by code 12.
Fri Jan  6 00:34:36 2023 - INFO  - End to run testcase:oe_test_ccmake3.
Fri Jan  6 00:34:37 2023 - INFO  - A total of 1 use cases were executed, with 0 successes and 1 failures.
Fri Jan  6 00:34:43 2023 - INFO  - start to run testcase:oe_test_cmake.
Fri Jan  6 00:38:08 2023 - INFO  - The case exit by code 0.
Fri Jan  6 00:38:09 2023 - INFO  - End to run testcase:oe_test_cmake.
Fri Jan  6 00:38:10 2023 - INFO  - A total of 1 use cases were executed, with 1 successes and 0 failures.
Fri Jan  6 00:38:15 2023 - INFO  - start to run testcase:oe_test_cmake3.
Fri Jan  6 00:41:35 2023 - INFO  - The case exit by code 0.
Fri Jan  6 00:41:36 2023 - INFO  - End to run testcase:oe_test_cmake3.
Fri Jan  6 00:41:37 2023 - INFO  - A total of 1 use cases were executed, with 1 successes and 0 failures.
Fri Jan  6 00:41:42 2023 - INFO  - start to run testcase:oe_test_cpack.
Fri Jan  6 00:44:20 2023 - INFO  - The case exit by code 0.
Fri Jan  6 00:44:21 2023 - INFO  - End to run testcase:oe_test_cpack.
Fri Jan  6 00:44:22 2023 - INFO  - A total of 1 use cases were executed, with 1 successes and 0 failures.
Fri Jan  6 00:44:27 2023 - INFO  - start to run testcase:oe_test_cpack3.
Fri Jan  6 00:47:18 2023 - INFO  - The case exit by code 0.
Fri Jan  6 00:47:19 2023 - INFO  - End to run testcase:oe_test_cpack3.
Fri Jan  6 00:47:20 2023 - INFO  - A total of 1 use cases were executed, with 1 successes and 0 failures.
Fri Jan  6 00:47:25 2023 - INFO  - start to run testcase:oe_test_ctest.
Fri Jan  6 00:49:45 2023 - INFO  - The case exit by code 0.
Fri Jan  6 00:49:46 2023 - INFO  - End to run testcase:oe_test_ctest.
Fri Jan  6 00:49:47 2023 - INFO  - A total of 1 use cases were executed, with 1 successes and 0 failures.
Fri Jan  6 00:49:53 2023 - INFO  - start to run testcase:oe_test_ctest3.
Fri Jan  6 00:52:35 2023 - INFO  - The case exit by code 0.
Fri Jan  6 00:52:36 2023 - INFO  - End to run testcase:oe_test_ctest3.
Fri Jan  6 00:52:37 2023 - INFO  - A total of 1 use cases were executed, with 1 successes and 0 failures.
