Thu Jan  5 21:04:25 2023 - INFO  - start to run testcase:oe_test_audit_monitor_file_access.
Thu Jan  5 21:34:28 2023 - WARN  - The case execution timeout.
Thu Jan  5 21:34:29 2023 - ERROR - The case exit by code 143.
Thu Jan  5 21:34:30 2023 - INFO  - End to run testcase:oe_test_audit_monitor_file_access.
Thu Jan  5 21:34:32 2023 - INFO  - A total of 1 use cases were executed, with 0 successes and 1 failures.
Thu Jan  5 21:34:38 2023 - INFO  - start to run testcase:oe_test_audit_monitor_dictionary_access.
Thu Jan  5 21:35:01 2023 - ERROR - The case exit by code 4.
Thu Jan  5 21:35:03 2023 - INFO  - End to run testcase:oe_test_audit_monitor_dictionary_access.
Thu Jan  5 21:35:04 2023 - INFO  - A total of 1 use cases were executed, with 0 successes and 1 failures.
Thu Jan  5 21:35:10 2023 - INFO  - start to run testcase:oe_test_audit_monitor_system_use.
Thu Jan  5 21:35:41 2023 - ERROR - The case exit by code 4.
Thu Jan  5 21:35:42 2023 - INFO  - End to run testcase:oe_test_audit_monitor_system_use.
Thu Jan  5 21:35:43 2023 - INFO  - A total of 1 use cases were executed, with 0 successes and 1 failures.
Thu Jan  5 21:35:50 2023 - INFO  - start to run testcase:oe_test_audit_monitor_do_command.
Thu Jan  5 21:36:17 2023 - ERROR - The case exit by code 4.
Thu Jan  5 21:36:18 2023 - INFO  - End to run testcase:oe_test_audit_monitor_do_command.
Thu Jan  5 21:36:19 2023 - INFO  - A total of 1 use cases were executed, with 0 successes and 1 failures.
Thu Jan  5 21:36:25 2023 - INFO  - start to run testcase:oe_test_audit_monitor_security_event.
Thu Jan  5 21:36:59 2023 - INFO  - The case exit by code 0.
Thu Jan  5 21:37:00 2023 - INFO  - End to run testcase:oe_test_audit_monitor_security_event.
Thu Jan  5 21:37:01 2023 - INFO  - A total of 1 use cases were executed, with 1 successes and 0 failures.
Thu Jan  5 21:37:08 2023 - INFO  - start to run testcase:oe_test_audit_monitor_network_visit.
Thu Jan  5 21:37:28 2023 - ERROR - The case exit by code 2.
Thu Jan  5 21:37:29 2023 - INFO  - End to run testcase:oe_test_audit_monitor_network_visit.
Thu Jan  5 21:37:30 2023 - INFO  - A total of 1 use cases were executed, with 0 successes and 1 failures.
Thu Jan  5 21:37:37 2023 - INFO  - start to run testcase:oe_test_audit_track_designated_access.
Thu Jan  5 21:37:51 2023 - ERROR - The case exit by code 2.
Thu Jan  5 21:37:53 2023 - INFO  - End to run testcase:oe_test_audit_track_designated_access.
Thu Jan  5 21:37:54 2023 - INFO  - A total of 1 use cases were executed, with 0 successes and 1 failures.
Thu Jan  5 21:38:01 2023 - INFO  - start to run testcase:oe_test_audit_use_d_audit.
Thu Jan  5 21:38:21 2023 - ERROR - The case exit by code 4.
Thu Jan  5 21:38:23 2023 - INFO  - End to run testcase:oe_test_audit_use_d_audit.
Thu Jan  5 21:38:24 2023 - INFO  - A total of 1 use cases were executed, with 0 successes and 1 failures.
Thu Jan  5 21:38:31 2023 - INFO  - start to run testcase:oe_test_audit_use_w_audit.
Thu Jan  5 21:38:48 2023 - ERROR - The case exit by code 3.
Thu Jan  5 21:38:49 2023 - INFO  - End to run testcase:oe_test_audit_use_w_audit.
Thu Jan  5 21:38:50 2023 - INFO  - A total of 1 use cases were executed, with 0 successes and 1 failures.
Thu Jan  5 21:38:57 2023 - INFO  - start to run testcase:oe_test_audit_rule_contact_strategy.
Thu Jan  5 21:39:43 2023 - ERROR - The case exit by code 5.
Thu Jan  5 21:39:45 2023 - INFO  - End to run testcase:oe_test_audit_rule_contact_strategy.
Thu Jan  5 21:39:46 2023 - INFO  - A total of 1 use cases were executed, with 0 successes and 1 failures.
Thu Jan  5 21:39:52 2023 - INFO  - start to run testcase:oe_test_audit_rule_conflict_strategy.
Thu Jan  5 21:40:23 2023 - ERROR - The case exit by code 6.
Thu Jan  5 21:40:24 2023 - INFO  - End to run testcase:oe_test_audit_rule_conflict_strategy.
Thu Jan  5 21:40:25 2023 - INFO  - A total of 1 use cases were executed, with 0 successes and 1 failures.
Thu Jan  5 21:40:31 2023 - INFO  - start to run testcase:oe_test_audit_rule_fetch_from_rule.
Thu Jan  5 21:40:49 2023 - ERROR - The case exit by code 2.
Thu Jan  5 21:40:50 2023 - INFO  - End to run testcase:oe_test_audit_rule_fetch_from_rule.
Thu Jan  5 21:40:51 2023 - INFO  - A total of 1 use cases were executed, with 0 successes and 1 failures.
Thu Jan  5 21:40:57 2023 - INFO  - start to run testcase:oe_test_audit_fetch_file_in_order.
Thu Jan  5 21:42:34 2023 - ERROR - The case exit by code 3.
Thu Jan  5 21:42:36 2023 - INFO  - End to run testcase:oe_test_audit_fetch_file_in_order.
Thu Jan  5 21:42:37 2023 - INFO  - A total of 1 use cases were executed, with 0 successes and 1 failures.
Thu Jan  5 21:42:43 2023 - INFO  - start to run testcase:oe_test_audit_count_time.
Thu Jan  5 21:42:55 2023 - ERROR - The case exit by code 1.
Thu Jan  5 21:42:57 2023 - INFO  - End to run testcase:oe_test_audit_count_time.
Thu Jan  5 21:42:58 2023 - INFO  - A total of 1 use cases were executed, with 0 successes and 1 failures.
Thu Jan  5 21:43:04 2023 - INFO  - start to run testcase:oe_test_audit_count_number_of_event.
Thu Jan  5 21:43:18 2023 - ERROR - The case exit by code 2.
Thu Jan  5 21:43:20 2023 - INFO  - End to run testcase:oe_test_audit_count_number_of_event.
Thu Jan  5 21:43:21 2023 - INFO  - A total of 1 use cases were executed, with 0 successes and 1 failures.
Thu Jan  5 21:43:27 2023 - INFO  - start to run testcase:oe_test_audit_show_event_list.
Thu Jan  5 21:43:39 2023 - ERROR - The case exit by code 1.
Thu Jan  5 21:43:40 2023 - INFO  - End to run testcase:oe_test_audit_show_event_list.
Thu Jan  5 21:43:41 2023 - INFO  - A total of 1 use cases were executed, with 0 successes and 1 failures.
Thu Jan  5 21:43:48 2023 - INFO  - start to run testcase:oe_test_audit_user_build_connection.
Thu Jan  5 21:45:26 2023 - ERROR - The case exit by code 2.
Thu Jan  5 21:45:27 2023 - INFO  - End to run testcase:oe_test_audit_user_build_connection.
Thu Jan  5 21:45:28 2023 - INFO  - A total of 1 use cases were executed, with 0 successes and 1 failures.
Thu Jan  5 21:45:35 2023 - INFO  - start to run testcase:oe_test_audit_max_log_file_rotate.
Thu Jan  5 21:47:14 2023 - ERROR - The case exit by code 1.
Thu Jan  5 21:47:16 2023 - INFO  - End to run testcase:oe_test_audit_max_log_file_rotate.
Thu Jan  5 21:47:17 2023 - INFO  - A total of 1 use cases were executed, with 0 successes and 1 failures.
Thu Jan  5 21:47:25 2023 - INFO  - start to run testcase:oe_test_audit_max_log_file_ignore.
Thu Jan  5 22:02:59 2023 - ERROR - The case exit by code 1.
Thu Jan  5 22:03:00 2023 - INFO  - End to run testcase:oe_test_audit_max_log_file_ignore.
Thu Jan  5 22:03:01 2023 - INFO  - A total of 1 use cases were executed, with 0 successes and 1 failures.
Thu Jan  5 22:03:07 2023 - INFO  - start to run testcase:oe_test_audit_max_log_file_syslog.
Thu Jan  5 22:05:26 2023 - ERROR - The case exit by code 4.
Thu Jan  5 22:05:27 2023 - INFO  - End to run testcase:oe_test_audit_max_log_file_syslog.
Thu Jan  5 22:05:28 2023 - INFO  - A total of 1 use cases were executed, with 0 successes and 1 failures.
Thu Jan  5 22:05:35 2023 - INFO  - start to run testcase:oe_test_audit_max_log_file_suspend.
Thu Jan  5 22:07:39 2023 - ERROR - The case exit by code 3.
Thu Jan  5 22:07:40 2023 - INFO  - End to run testcase:oe_test_audit_max_log_file_suspend.
Thu Jan  5 22:07:41 2023 - INFO  - A total of 1 use cases were executed, with 0 successes and 1 failures.
Thu Jan  5 22:07:49 2023 - INFO  - start to run testcase:oe_test_audit_max_log_file_keep_logs.
Thu Jan  5 22:09:28 2023 - ERROR - The case exit by code 1.
Thu Jan  5 22:09:29 2023 - INFO  - End to run testcase:oe_test_audit_max_log_file_keep_logs.
Thu Jan  5 22:09:30 2023 - INFO  - A total of 1 use cases were executed, with 0 successes and 1 failures.
Thu Jan  5 22:09:36 2023 - INFO  - start to run testcase:oe_test_audit_available_disk_space.
Thu Jan  5 22:16:25 2023 - ERROR - The case exit by code 35.
Thu Jan  5 22:16:26 2023 - INFO  - End to run testcase:oe_test_audit_available_disk_space.
Thu Jan  5 22:16:27 2023 - INFO  - A total of 1 use cases were executed, with 0 successes and 1 failures.
Thu Jan  5 22:16:33 2023 - INFO  - start to run testcase:oe_test_inject_time_fault.
Thu Jan  5 22:18:49 2023 - ERROR - The case exit by code 1.
Thu Jan  5 22:18:50 2023 - INFO  - End to run testcase:oe_test_inject_time_fault.
Thu Jan  5 22:18:51 2023 - INFO  - A total of 1 use cases were executed, with 0 successes and 1 failures.
Thu Jan  5 22:18:59 2023 - INFO  - start to run testcase:oe_test_service_auditd.
Thu Jan  5 22:19:57 2023 - ERROR - The case exit by code 8.
Thu Jan  5 22:19:58 2023 - INFO  - End to run testcase:oe_test_service_auditd.
Thu Jan  5 22:19:59 2023 - INFO  - A total of 1 use cases were executed, with 0 successes and 1 failures.
Thu Jan  5 22:20:05 2023 - INFO  - start to run testcase:oe_test_audit_event_log.
Thu Jan  5 22:20:22 2023 - ERROR - The case exit by code 2.
Thu Jan  5 22:20:23 2023 - INFO  - End to run testcase:oe_test_audit_event_log.
Thu Jan  5 22:20:24 2023 - INFO  - A total of 1 use cases were executed, with 0 successes and 1 failures.
Thu Jan  5 22:20:30 2023 - INFO  - start to run testcase:oe_test_audit_other.
Thu Jan  5 22:20:59 2023 - ERROR - The case exit by code 8.
Thu Jan  5 22:21:00 2023 - INFO  - End to run testcase:oe_test_audit_other.
Thu Jan  5 22:21:01 2023 - INFO  - A total of 1 use cases were executed, with 0 successes and 1 failures.
Thu Jan  5 22:21:07 2023 - INFO  - start to run testcase:oe_test_start_audit.
Thu Jan  5 22:21:25 2023 - ERROR - The case exit by code 4.
Thu Jan  5 22:21:27 2023 - INFO  - End to run testcase:oe_test_start_audit.
Thu Jan  5 22:21:28 2023 - INFO  - A total of 1 use cases were executed, with 0 successes and 1 failures.
