Fri Jan  6 00:53:47 2023 - INFO  - start to run testcase:oe_test_cobbler_distro.
Fri Jan  6 01:00:01 2023 - ERROR - The case exit by code 9.
Fri Jan  6 01:00:02 2023 - INFO  - End to run testcase:oe_test_cobbler_distro.
Fri Jan  6 01:00:03 2023 - INFO  - A total of 1 use cases were executed, with 0 successes and 1 failures.
Fri Jan  6 01:00:08 2023 - INFO  - start to run testcase:oe_test_cobbler_profile.
Fri Jan  6 01:05:52 2023 - ERROR - The case exit by code 7.
Fri Jan  6 01:05:54 2023 - INFO  - End to run testcase:oe_test_cobbler_profile.
Fri Jan  6 01:05:55 2023 - INFO  - A total of 1 use cases were executed, with 0 successes and 1 failures.
Fri Jan  6 01:06:00 2023 - INFO  - start to run testcase:oe_test_cobbler_system.
Fri Jan  6 01:12:37 2023 - ERROR - The case exit by code 7.
Fri Jan  6 01:12:38 2023 - INFO  - End to run testcase:oe_test_cobbler_system.
Fri Jan  6 01:12:39 2023 - INFO  - A total of 1 use cases were executed, with 0 successes and 1 failures.
Fri Jan  6 01:12:45 2023 - INFO  - start to run testcase:oe_test_cobbler_repo.
Fri Jan  6 01:18:38 2023 - ERROR - The case exit by code 8.
Fri Jan  6 01:18:39 2023 - INFO  - End to run testcase:oe_test_cobbler_repo.
Fri Jan  6 01:18:40 2023 - INFO  - A total of 1 use cases were executed, with 0 successes and 1 failures.
Fri Jan  6 01:18:46 2023 - INFO  - start to run testcase:oe_test_cobbler_image.
Fri Jan  6 01:24:11 2023 - ERROR - The case exit by code 7.
Fri Jan  6 01:24:12 2023 - INFO  - End to run testcase:oe_test_cobbler_image.
Fri Jan  6 01:24:13 2023 - INFO  - A total of 1 use cases were executed, with 0 successes and 1 failures.
Fri Jan  6 01:24:19 2023 - INFO  - start to run testcase:oe_test_cobbler_mgmtclass.
Fri Jan  6 01:29:53 2023 - ERROR - The case exit by code 7.
Fri Jan  6 01:29:54 2023 - INFO  - End to run testcase:oe_test_cobbler_mgmtclass.
Fri Jan  6 01:29:55 2023 - INFO  - A total of 1 use cases were executed, with 0 successes and 1 failures.
Fri Jan  6 01:30:01 2023 - INFO  - start to run testcase:oe_test_cobbler_package.
Fri Jan  6 01:35:23 2023 - ERROR - The case exit by code 7.
Fri Jan  6 01:35:24 2023 - INFO  - End to run testcase:oe_test_cobbler_package.
Fri Jan  6 01:35:25 2023 - INFO  - A total of 1 use cases were executed, with 0 successes and 1 failures.
Fri Jan  6 01:35:30 2023 - INFO  - start to run testcase:oe_test_cobbler_file.
Fri Jan  6 01:41:16 2023 - ERROR - The case exit by code 8.
Fri Jan  6 01:41:17 2023 - INFO  - End to run testcase:oe_test_cobbler_file.
Fri Jan  6 01:41:18 2023 - INFO  - A total of 1 use cases were executed, with 0 successes and 1 failures.
Fri Jan  6 01:41:24 2023 - INFO  - start to run testcase:oe_test_cobbler_other.
Fri Jan  6 01:47:50 2023 - ERROR - The case exit by code 2.
Fri Jan  6 01:47:51 2023 - INFO  - End to run testcase:oe_test_cobbler_other.
Fri Jan  6 01:47:52 2023 - INFO  - A total of 1 use cases were executed, with 0 successes and 1 failures.
