Fri Jan  6 11:07:43 2023 - INFO  - start to run testcase:oe_test_firewalld_add_sourceip.
Fri Jan  6 11:07:56 2023 - ERROR - The case exit by code 2.
Fri Jan  6 11:07:57 2023 - INFO  - End to run testcase:oe_test_firewalld_add_sourceip.
Fri Jan  6 11:07:58 2023 - INFO  - A total of 1 use cases were executed, with 0 successes and 1 failures.
Fri Jan  6 11:08:03 2023 - INFO  - start to run testcase:oe_test_firewalld_add_sourceport.
Fri Jan  6 11:08:17 2023 - ERROR - The case exit by code 2.
Fri Jan  6 11:08:18 2023 - INFO  - End to run testcase:oe_test_firewalld_add_sourceport.
Fri Jan  6 11:08:18 2023 - INFO  - A total of 1 use cases were executed, with 0 successes and 1 failures.
Fri Jan  6 11:08:23 2023 - INFO  - start to run testcase:oe_test_firewalld_block_all_icmp.
Fri Jan  6 11:08:34 2023 - INFO  - The case exit by code 0.
Fri Jan  6 11:08:35 2023 - INFO  - End to run testcase:oe_test_firewalld_block_all_icmp.
Fri Jan  6 11:08:36 2023 - INFO  - A total of 1 use cases were executed, with 1 successes and 0 failures.
Fri Jan  6 11:08:41 2023 - INFO  - start to run testcase:oe_test_firewalld_getzone.
Fri Jan  6 11:08:54 2023 - ERROR - The case exit by code 3.
Fri Jan  6 11:08:55 2023 - INFO  - End to run testcase:oe_test_firewalld_getzone.
Fri Jan  6 11:08:56 2023 - INFO  - A total of 1 use cases were executed, with 0 successes and 1 failures.
Fri Jan  6 11:09:01 2023 - INFO  - start to run testcase:oe_test_firewalld_ip_camouflage.
Fri Jan  6 11:09:15 2023 - ERROR - The case exit by code 4.
Fri Jan  6 11:09:16 2023 - INFO  - End to run testcase:oe_test_firewalld_ip_camouflage.
Fri Jan  6 11:09:17 2023 - INFO  - A total of 1 use cases were executed, with 0 successes and 1 failures.
Fri Jan  6 11:09:22 2023 - INFO  - start to run testcase:oe_test_firewalld_list.
Fri Jan  6 11:09:33 2023 - ERROR - The case exit by code 2.
Fri Jan  6 11:09:34 2023 - INFO  - End to run testcase:oe_test_firewalld_list.
Fri Jan  6 11:09:35 2023 - INFO  - A total of 1 use cases were executed, with 0 successes and 1 failures.
Fri Jan  6 11:09:40 2023 - INFO  - start to run testcase:oe_test_firewalld_lockdown.
Fri Jan  6 11:09:54 2023 - ERROR - The case exit by code 3.
Fri Jan  6 11:09:55 2023 - INFO  - End to run testcase:oe_test_firewalld_lockdown.
Fri Jan  6 11:09:56 2023 - INFO  - A total of 1 use cases were executed, with 0 successes and 1 failures.
Fri Jan  6 11:10:02 2023 - INFO  - start to run testcase:oe_test_firewalld_log_denied.
Fri Jan  6 11:11:47 2023 - ERROR - The case exit by code 3.
Fri Jan  6 11:11:48 2023 - INFO  - End to run testcase:oe_test_firewalld_log_denied.
Fri Jan  6 11:11:49 2023 - INFO  - A total of 1 use cases were executed, with 0 successes and 1 failures.
Fri Jan  6 11:11:53 2023 - INFO  - start to run testcase:oe_test_firewalld_manage_icmp.
Fri Jan  6 11:12:03 2023 - INFO  - The case exit by code 0.
Fri Jan  6 11:12:04 2023 - INFO  - End to run testcase:oe_test_firewalld_manage_icmp.
Fri Jan  6 11:12:05 2023 - INFO  - A total of 1 use cases were executed, with 1 successes and 0 failures.
Fri Jan  6 11:12:10 2023 - INFO  - start to run testcase:oe_test_firewalld_new_zone.
Fri Jan  6 11:12:24 2023 - ERROR - The case exit by code 3.
Fri Jan  6 11:12:25 2023 - INFO  - End to run testcase:oe_test_firewalld_new_zone.
Fri Jan  6 11:12:26 2023 - INFO  - A total of 1 use cases were executed, with 0 successes and 1 failures.
Fri Jan  6 11:12:31 2023 - INFO  - start to run testcase:oe_test_firewalld_runtime_permanent.
Fri Jan  6 11:12:45 2023 - ERROR - The case exit by code 2.
Fri Jan  6 11:12:46 2023 - INFO  - End to run testcase:oe_test_firewalld_runtime_permanent.
Fri Jan  6 11:12:46 2023 - INFO  - A total of 1 use cases were executed, with 0 successes and 1 failures.
Fri Jan  6 11:12:52 2023 - INFO  - start to run testcase:oe_test_firewalld_set_priority.
Fri Jan  6 11:13:03 2023 - INFO  - The case exit by code 0.
Fri Jan  6 11:13:04 2023 - INFO  - End to run testcase:oe_test_firewalld_set_priority.
Fri Jan  6 11:13:05 2023 - INFO  - A total of 1 use cases were executed, with 1 successes and 0 failures.
Fri Jan  6 11:13:10 2023 - INFO  - start to run testcase:oe_test_firewalld_set_target.
Fri Jan  6 11:13:23 2023 - ERROR - The case exit by code 3.
Fri Jan  6 11:13:24 2023 - INFO  - End to run testcase:oe_test_firewalld_set_target.
Fri Jan  6 11:13:25 2023 - INFO  - A total of 1 use cases were executed, with 0 successes and 1 failures.
Fri Jan  6 11:13:30 2023 - INFO  - start to run testcase:oe_test_firewalld_start_check.
Fri Jan  6 11:13:39 2023 - ERROR - The case exit by code 1.
Fri Jan  6 11:13:40 2023 - INFO  - End to run testcase:oe_test_firewalld_start_check.
Fri Jan  6 11:13:41 2023 - INFO  - A total of 1 use cases were executed, with 0 successes and 1 failures.
Fri Jan  6 11:13:46 2023 - INFO  - start to run testcase:oe_test_firewalld_start_status.
Fri Jan  6 11:13:59 2023 - ERROR - The case exit by code 3.
Fri Jan  6 11:14:00 2023 - INFO  - End to run testcase:oe_test_firewalld_start_status.
Fri Jan  6 11:14:01 2023 - INFO  - A total of 1 use cases were executed, with 0 successes and 1 failures.
Fri Jan  6 11:14:06 2023 - INFO  - start to run testcase:oe_test_firewalld_start_stop.
Fri Jan  6 11:14:41 2023 - ERROR - The case exit by code 3.
Fri Jan  6 11:14:42 2023 - INFO  - End to run testcase:oe_test_firewalld_start_stop.
Fri Jan  6 11:14:43 2023 - INFO  - A total of 1 use cases were executed, with 0 successes and 1 failures.
Fri Jan  6 11:14:48 2023 - INFO  - start to run testcase:oe_test_firewalld_whitelist_command.
Fri Jan  6 11:15:06 2023 - ERROR - The case exit by code 4.
Fri Jan  6 11:15:07 2023 - INFO  - End to run testcase:oe_test_firewalld_whitelist_command.
Fri Jan  6 11:15:08 2023 - INFO  - A total of 1 use cases were executed, with 0 successes and 1 failures.
Fri Jan  6 11:15:13 2023 - INFO  - start to run testcase:oe_test_firewalld_whitelist_contexts.
Fri Jan  6 11:15:24 2023 - ERROR - The case exit by code 1.
Fri Jan  6 11:15:25 2023 - INFO  - End to run testcase:oe_test_firewalld_whitelist_contexts.
Fri Jan  6 11:15:26 2023 - INFO  - A total of 1 use cases were executed, with 0 successes and 1 failures.
Fri Jan  6 11:15:31 2023 - INFO  - start to run testcase:oe_test_firewalld_whitelist_uids.
Fri Jan  6 11:15:45 2023 - ERROR - The case exit by code 2.
Fri Jan  6 11:15:46 2023 - INFO  - End to run testcase:oe_test_firewalld_whitelist_uids.
Fri Jan  6 11:15:47 2023 - INFO  - A total of 1 use cases were executed, with 0 successes and 1 failures.
Fri Jan  6 11:15:52 2023 - INFO  - start to run testcase:oe_test_firewalld_whitelist_user.
Fri Jan  6 11:16:07 2023 - ERROR - The case exit by code 4.
Fri Jan  6 11:16:08 2023 - INFO  - End to run testcase:oe_test_firewalld_whitelist_user.
Fri Jan  6 11:16:09 2023 - INFO  - A total of 1 use cases were executed, with 0 successes and 1 failures.
Fri Jan  6 11:16:13 2023 - INFO  - start to run testcase:oe_test_firewalld_zone_add_service.
Fri Jan  6 11:16:26 2023 - ERROR - The case exit by code 2.
Fri Jan  6 11:16:27 2023 - INFO  - End to run testcase:oe_test_firewalld_zone_add_service.
Fri Jan  6 11:16:27 2023 - INFO  - A total of 1 use cases were executed, with 0 successes and 1 failures.
Fri Jan  6 11:16:32 2023 - INFO  - start to run testcase:oe_test_service_firewalld.
Fri Jan  6 11:17:38 2023 - ERROR - The case exit by code 8.
Fri Jan  6 11:17:39 2023 - INFO  - End to run testcase:oe_test_service_firewalld.
Fri Jan  6 11:17:40 2023 - INFO  - A total of 1 use cases were executed, with 0 successes and 1 failures.
