Thu Jan  5 22:39:35 2023 - INFO  - start to run testcase:oe_test_service_clamav-clamonacc.
Thu Jan  5 22:45:31 2023 - ERROR - The case exit by code 4.
Thu Jan  5 22:45:32 2023 - INFO  - End to run testcase:oe_test_service_clamav-clamonacc.
Thu Jan  5 22:45:33 2023 - INFO  - A total of 1 use cases were executed, with 0 successes and 1 failures.
Thu Jan  5 22:45:39 2023 - INFO  - start to run testcase:oe_test_service_clamav-milter.
Thu Jan  5 22:52:06 2023 - INFO  - The case exit by code 0.
Thu Jan  5 22:52:07 2023 - INFO  - End to run testcase:oe_test_service_clamav-milter.
Thu Jan  5 22:52:08 2023 - INFO  - A total of 1 use cases were executed, with 1 successes and 0 failures.
Thu Jan  5 22:52:13 2023 - INFO  - start to run testcase:oe_test_clamav_clamav-milter.
Thu Jan  5 22:56:32 2023 - INFO  - The case exit by code 0.
Thu Jan  5 22:56:33 2023 - INFO  - End to run testcase:oe_test_clamav_clamav-milter.
Thu Jan  5 22:56:34 2023 - INFO  - A total of 1 use cases were executed, with 1 successes and 0 failures.
Thu Jan  5 22:56:39 2023 - INFO  - start to run testcase:oe_test_clamav_clambc.
Thu Jan  5 23:01:24 2023 - INFO  - The case exit by code 0.
Thu Jan  5 23:01:25 2023 - INFO  - End to run testcase:oe_test_clamav_clambc.
Thu Jan  5 23:01:27 2023 - INFO  - A total of 1 use cases were executed, with 1 successes and 0 failures.
Thu Jan  5 23:01:32 2023 - INFO  - start to run testcase:oe_test_clamav_clamconf.
Thu Jan  5 23:05:36 2023 - INFO  - The case exit by code 0.
Thu Jan  5 23:05:37 2023 - INFO  - End to run testcase:oe_test_clamav_clamconf.
Thu Jan  5 23:05:38 2023 - INFO  - A total of 1 use cases were executed, with 1 successes and 0 failures.
Thu Jan  5 23:05:43 2023 - INFO  - start to run testcase:oe_test_clamav_clamdscan_scan.
Thu Jan  5 23:13:24 2023 - INFO  - The case exit by code 0.
Thu Jan  5 23:13:25 2023 - INFO  - End to run testcase:oe_test_clamav_clamdscan_scan.
Thu Jan  5 23:13:26 2023 - INFO  - A total of 1 use cases were executed, with 1 successes and 0 failures.
Thu Jan  5 23:13:31 2023 - INFO  - start to run testcase:oe_test_clamav_clamdscan_service.
Thu Jan  5 23:21:21 2023 - INFO  - The case exit by code 0.
Thu Jan  5 23:21:22 2023 - INFO  - End to run testcase:oe_test_clamav_clamdscan_service.
Thu Jan  5 23:21:23 2023 - INFO  - A total of 1 use cases were executed, with 1 successes and 0 failures.
Thu Jan  5 23:21:28 2023 - INFO  - start to run testcase:oe_test_clamav_clamdtop.
Thu Jan  5 23:29:24 2023 - ERROR - The case exit by code 1.
Thu Jan  5 23:29:25 2023 - INFO  - End to run testcase:oe_test_clamav_clamdtop.
Thu Jan  5 23:29:26 2023 - INFO  - A total of 1 use cases were executed, with 0 successes and 1 failures.
Thu Jan  5 23:29:31 2023 - INFO  - start to run testcase:oe_test_clamav_clamonacc.
Thu Jan  5 23:38:21 2023 - ERROR - The case exit by code 13.
Thu Jan  5 23:38:22 2023 - INFO  - End to run testcase:oe_test_clamav_clamonacc.
Thu Jan  5 23:38:24 2023 - INFO  - A total of 1 use cases were executed, with 0 successes and 1 failures.
Thu Jan  5 23:38:29 2023 - INFO  - start to run testcase:oe_test_clamav_clamscan_1.
Fri Jan  6 00:08:33 2023 - WARN  - The case execution timeout.
Fri Jan  6 00:08:34 2023 - ERROR - The case exit by code 143.
Fri Jan  6 00:08:35 2023 - INFO  - End to run testcase:oe_test_clamav_clamscan_1.
Fri Jan  6 00:08:36 2023 - INFO  - A total of 1 use cases were executed, with 0 successes and 1 failures.
Fri Jan  6 00:08:43 2023 - INFO  - start to run testcase:oe_test_clamav_clamscan_2.
Fri Jan  6 00:14:22 2023 - ERROR - The case exit by code 27.
Fri Jan  6 00:14:23 2023 - INFO  - End to run testcase:oe_test_clamav_clamscan_2.
Fri Jan  6 00:14:24 2023 - INFO  - A total of 1 use cases were executed, with 0 successes and 1 failures.
Fri Jan  6 00:14:30 2023 - INFO  - start to run testcase:oe_test_clamav_clamscan_3.
Fri Jan  6 00:44:34 2023 - WARN  - The case execution timeout.
Fri Jan  6 00:44:35 2023 - ERROR - The case exit by code 143.
Fri Jan  6 00:44:36 2023 - INFO  - End to run testcase:oe_test_clamav_clamscan_3.
Fri Jan  6 00:44:37 2023 - INFO  - A total of 1 use cases were executed, with 0 successes and 1 failures.
Fri Jan  6 00:44:44 2023 - INFO  - start to run testcase:oe_test_clamav_clamsubmit.
Fri Jan  6 00:46:32 2023 - ERROR - The case exit by code 10.
Fri Jan  6 00:46:33 2023 - INFO  - End to run testcase:oe_test_clamav_clamsubmit.
Fri Jan  6 00:46:34 2023 - INFO  - A total of 1 use cases were executed, with 0 successes and 1 failures.
Fri Jan  6 00:46:39 2023 - INFO  - start to run testcase:oe_test_clamav_freshclam.
Fri Jan  6 00:53:35 2023 - INFO  - The case exit by code 0.
Fri Jan  6 00:53:36 2023 - INFO  - End to run testcase:oe_test_clamav_freshclam.
Fri Jan  6 00:53:37 2023 - INFO  - A total of 1 use cases were executed, with 1 successes and 0 failures.
Fri Jan  6 00:53:43 2023 - INFO  - start to run testcase:oe_test_clamav_sigtool_1.
Fri Jan  6 01:01:05 2023 - INFO  - The case exit by code 0.
Fri Jan  6 01:01:06 2023 - INFO  - End to run testcase:oe_test_clamav_sigtool_1.
Fri Jan  6 01:01:07 2023 - INFO  - A total of 1 use cases were executed, with 1 successes and 0 failures.
Fri Jan  6 01:01:12 2023 - INFO  - start to run testcase:oe_test_clamav_sigtool_2.
Fri Jan  6 01:05:26 2023 - INFO  - The case exit by code 0.
Fri Jan  6 01:05:27 2023 - INFO  - End to run testcase:oe_test_clamav_sigtool_2.
Fri Jan  6 01:05:28 2023 - INFO  - A total of 1 use cases were executed, with 1 successes and 0 failures.
