Fri Jan  6 03:21:21 2023 - INFO  - start to run testcase:oe_test_service_etcd.
Fri Jan  6 03:24:03 2023 - INFO  - The case exit by code 0.
Fri Jan  6 03:24:04 2023 - INFO  - End to run testcase:oe_test_service_etcd.
Fri Jan  6 03:24:05 2023 - INFO  - A total of 1 use cases were executed, with 1 successes and 0 failures.
Fri Jan  6 03:24:11 2023 - INFO  - start to run testcase:oe_test_etcd_01.
Fri Jan  6 03:26:13 2023 - INFO  - The case exit by code 0.
Fri Jan  6 03:26:15 2023 - INFO  - End to run testcase:oe_test_etcd_01.
Fri Jan  6 03:26:16 2023 - INFO  - A total of 1 use cases were executed, with 1 successes and 0 failures.
Fri Jan  6 03:26:21 2023 - INFO  - start to run testcase:oe_test_etcd_02.
Fri Jan  6 03:28:26 2023 - INFO  - The case exit by code 0.
Fri Jan  6 03:28:27 2023 - INFO  - End to run testcase:oe_test_etcd_02.
Fri Jan  6 03:28:28 2023 - INFO  - A total of 1 use cases were executed, with 1 successes and 0 failures.
Fri Jan  6 03:28:33 2023 - INFO  - start to run testcase:oe_test_etcd_03.
Fri Jan  6 03:30:50 2023 - INFO  - The case exit by code 0.
Fri Jan  6 03:30:51 2023 - INFO  - End to run testcase:oe_test_etcd_03.
Fri Jan  6 03:30:52 2023 - INFO  - A total of 1 use cases were executed, with 1 successes and 0 failures.
Fri Jan  6 03:30:57 2023 - INFO  - start to run testcase:oe_test_etcd_04.
Fri Jan  6 03:33:20 2023 - INFO  - The case exit by code 0.
Fri Jan  6 03:33:21 2023 - INFO  - End to run testcase:oe_test_etcd_04.
Fri Jan  6 03:33:22 2023 - INFO  - A total of 1 use cases were executed, with 1 successes and 0 failures.
Fri Jan  6 03:33:28 2023 - INFO  - start to run testcase:oe_test_etcd_05.
Fri Jan  6 03:37:24 2023 - INFO  - The case exit by code 0.
Fri Jan  6 03:37:25 2023 - INFO  - End to run testcase:oe_test_etcd_05.
Fri Jan  6 03:37:26 2023 - INFO  - A total of 1 use cases were executed, with 1 successes and 0 failures.
