Thu Jan  5 19:34:55 2023 - INFO  - start to run testcase:oe_test_service_abrtd.
Thu Jan  5 19:37:25 2023 - INFO  - The case exit by code 0.
Thu Jan  5 19:37:26 2023 - INFO  - End to run testcase:oe_test_service_abrtd.
Thu Jan  5 19:37:27 2023 - INFO  - A total of 1 use cases were executed, with 1 successes and 0 failures.
Thu Jan  5 19:37:32 2023 - INFO  - start to run testcase:oe_test_service_abrt-journal-core.
Thu Jan  5 19:39:53 2023 - INFO  - The case exit by code 0.
Thu Jan  5 19:39:54 2023 - INFO  - End to run testcase:oe_test_service_abrt-journal-core.
Thu Jan  5 19:39:55 2023 - INFO  - A total of 1 use cases were executed, with 1 successes and 0 failures.
Thu Jan  5 19:40:00 2023 - INFO  - start to run testcase:oe_test_service_abrt-oops.
Thu Jan  5 19:42:19 2023 - INFO  - The case exit by code 0.
Thu Jan  5 19:42:20 2023 - INFO  - End to run testcase:oe_test_service_abrt-oops.
Thu Jan  5 19:42:21 2023 - INFO  - A total of 1 use cases were executed, with 1 successes and 0 failures.
Thu Jan  5 19:42:26 2023 - INFO  - start to run testcase:oe_test_service_abrt-pstoreoops.
Thu Jan  5 19:44:26 2023 - INFO  - The case exit by code 0.
Thu Jan  5 19:44:27 2023 - INFO  - End to run testcase:oe_test_service_abrt-pstoreoops.
Thu Jan  5 19:44:28 2023 - INFO  - A total of 1 use cases were executed, with 1 successes and 0 failures.
Thu Jan  5 19:44:33 2023 - INFO  - start to run testcase:oe_test_service_abrt-upload-watch.
Thu Jan  5 19:46:52 2023 - INFO  - The case exit by code 0.
Thu Jan  5 19:46:53 2023 - INFO  - End to run testcase:oe_test_service_abrt-upload-watch.
Thu Jan  5 19:46:54 2023 - INFO  - A total of 1 use cases were executed, with 1 successes and 0 failures.
Thu Jan  5 19:46:59 2023 - INFO  - start to run testcase:oe_test_service_abrt-vmcore.
Thu Jan  5 19:49:49 2023 - INFO  - The case exit by code 0.
Thu Jan  5 19:49:50 2023 - INFO  - End to run testcase:oe_test_service_abrt-vmcore.
Thu Jan  5 19:49:51 2023 - INFO  - A total of 1 use cases were executed, with 1 successes and 0 failures.
Thu Jan  5 19:49:56 2023 - INFO  - start to run testcase:oe_test_service_abrt-xorg.
Thu Jan  5 19:52:19 2023 - INFO  - The case exit by code 0.
Thu Jan  5 19:52:20 2023 - INFO  - End to run testcase:oe_test_service_abrt-xorg.
Thu Jan  5 19:52:21 2023 - INFO  - A total of 1 use cases were executed, with 1 successes and 0 failures.
