Thu Jan  5 21:32:38 2023 - INFO  - start to run testcase:oe_test_autoconf213_autoconf-2.13.
Thu Jan  5 21:33:49 2023 - INFO  - The case exit by code 0.
Thu Jan  5 21:33:50 2023 - INFO  - End to run testcase:oe_test_autoconf213_autoconf-2.13.
Thu Jan  5 21:33:51 2023 - INFO  - A total of 1 use cases were executed, with 1 successes and 0 failures.
Thu Jan  5 21:33:56 2023 - INFO  - start to run testcase:oe_test_autoconf213_autoheader-2.13.
Thu Jan  5 21:35:07 2023 - INFO  - The case exit by code 0.
Thu Jan  5 21:35:08 2023 - INFO  - End to run testcase:oe_test_autoconf213_autoheader-2.13.
Thu Jan  5 21:35:10 2023 - INFO  - A total of 1 use cases were executed, with 1 successes and 0 failures.
Thu Jan  5 21:35:16 2023 - INFO  - start to run testcase:oe_test_autoconf213_autoreconf-2.13_01.
Thu Jan  5 21:36:33 2023 - INFO  - The case exit by code 0.
Thu Jan  5 21:36:35 2023 - INFO  - End to run testcase:oe_test_autoconf213_autoreconf-2.13_01.
Thu Jan  5 21:36:36 2023 - INFO  - A total of 1 use cases were executed, with 1 successes and 0 failures.
Thu Jan  5 21:36:41 2023 - INFO  - start to run testcase:oe_test_autoconf213_autoreconf-2.13_02.
Thu Jan  5 21:38:00 2023 - INFO  - The case exit by code 0.
Thu Jan  5 21:38:01 2023 - INFO  - End to run testcase:oe_test_autoconf213_autoreconf-2.13_02.
Thu Jan  5 21:38:02 2023 - INFO  - A total of 1 use cases were executed, with 1 successes and 0 failures.
Thu Jan  5 21:38:09 2023 - INFO  - start to run testcase:oe_test_autoconf213_autoreconf-2.13_03.
Thu Jan  5 21:39:25 2023 - INFO  - The case exit by code 0.
Thu Jan  5 21:39:26 2023 - INFO  - End to run testcase:oe_test_autoconf213_autoreconf-2.13_03.
Thu Jan  5 21:39:27 2023 - INFO  - A total of 1 use cases were executed, with 1 successes and 0 failures.
Thu Jan  5 21:39:32 2023 - INFO  - start to run testcase:oe_test_autoconf213_autoreconf-2.13_04.
Thu Jan  5 21:40:54 2023 - INFO  - The case exit by code 0.
Thu Jan  5 21:40:56 2023 - INFO  - End to run testcase:oe_test_autoconf213_autoreconf-2.13_04.
Thu Jan  5 21:40:57 2023 - INFO  - A total of 1 use cases were executed, with 1 successes and 0 failures.
Thu Jan  5 21:41:03 2023 - INFO  - start to run testcase:oe_test_autoconf213_autoreconf-2.13_05.
Thu Jan  5 21:42:30 2023 - INFO  - The case exit by code 0.
Thu Jan  5 21:42:31 2023 - INFO  - End to run testcase:oe_test_autoconf213_autoreconf-2.13_05.
Thu Jan  5 21:42:32 2023 - INFO  - A total of 1 use cases were executed, with 1 successes and 0 failures.
Thu Jan  5 21:42:38 2023 - INFO  - start to run testcase:oe_test_autoconf213_autoreconf-2.13_06.
Thu Jan  5 21:43:55 2023 - INFO  - The case exit by code 0.
Thu Jan  5 21:43:56 2023 - INFO  - End to run testcase:oe_test_autoconf213_autoreconf-2.13_06.
Thu Jan  5 21:43:57 2023 - INFO  - A total of 1 use cases were executed, with 1 successes and 0 failures.
Thu Jan  5 21:44:03 2023 - INFO  - start to run testcase:oe_test_autoconf213_autoupdate-2.13.
Thu Jan  5 21:45:18 2023 - INFO  - The case exit by code 0.
Thu Jan  5 21:45:20 2023 - INFO  - End to run testcase:oe_test_autoconf213_autoupdate-2.13.
Thu Jan  5 21:45:21 2023 - INFO  - A total of 1 use cases were executed, with 1 successes and 0 failures.
Thu Jan  5 21:45:27 2023 - INFO  - start to run testcase:oe_test_autoconf213_ifnames-2.13.
Thu Jan  5 21:46:43 2023 - INFO  - The case exit by code 0.
Thu Jan  5 21:46:44 2023 - INFO  - End to run testcase:oe_test_autoconf213_ifnames-2.13.
Thu Jan  5 21:46:45 2023 - INFO  - A total of 1 use cases were executed, with 1 successes and 0 failures.
